2023-03-25 16:52:07,596 DEBUG:This is a debug message
2023-03-25 16:52:07,596 INFO:This is an info message
2023-03-25 16:52:07,596 WARNING:This is a warning message
2023-03-25 16:52:07,597 ERROR:This is an error message
2023-03-25 16:52:07,597 DEBUG:Sending ROS service request: b'{"op": "call_service", "id": "call_service:/qt_robot/behavior/talkText:1", "service": "/qt_robot/behavior/talkText", "args": {"message": "Frustrated"}}'
2023-03-25 16:52:09,594 INFO:WebSocket connection closed: Code=1000, Reason=None
2023-03-25 16:52:09,594 INFO:Starting factory <roslibpy.comm.comm_autobahn.AutobahnRosBridgeClientFactory object at 0x0000019A93787FD0>
2023-03-25 16:52:09,594 DEBUG:Lost connection. Reason: [Failure instance: Traceback (failure with no frames): <class 'twisted.internet.error.ConnectionDone'>: Connection was closed cleanly.
]
2023-03-25 16:52:09,595 INFO:Starting factory <roslibpy.comm.comm_autobahn.AutobahnRosBridgeClientFactory object at 0x0000019A93787FD0>
2023-03-25 16:52:09,595 INFO:Stopping factory <roslibpy.comm.comm_autobahn.AutobahnRosBridgeClientFactory object at 0x0000019A90112670>
2023-03-25 16:52:09,595 INFO:Starting factory <roslibpy.comm.comm_autobahn.AutobahnRosBridgeClientFactory object at 0x0000019A93787FD0>
2023-03-25 16:52:09,596 INFO:Stopping factory <roslibpy.comm.comm_autobahn.AutobahnRosBridgeClientFactory object at 0x0000019A90112670>
2023-03-25 16:52:09,596 INFO:Starting factory <roslibpy.comm.comm_autobahn.AutobahnRosBridgeClientFactory object at 0x0000019A93787FD0>
2023-03-25 16:52:09,596 INFO:Stopping factory <roslibpy.comm.comm_autobahn.AutobahnRosBridgeClientFactory object at 0x0000019A90112670>
2023-03-25 16:52:09,596 INFO:Stopping factory <roslibpy.comm.comm_autobahn.AutobahnRosBridgeClientFactory object at 0x0000019A90112670>
2023-03-25 16:52:09,597 DEBUG:Started to connect...
2023-03-25 16:52:09,609 DEBUG:Server connected: tcp4:192.168.100.2:9091
2023-03-25 16:52:09,609 INFO:Connection to ROS ready.
2023-03-25 16:52:09,610 DEBUG:Sending ROS service request: b'{"op": "call_service", "id": "call_service:/qt_robot/behavior/talkText:1", "service": "/qt_robot/behavior/talkText", "args": {"message": "I want to stay at a house in fall and visiting museums in london"}}'
2023-03-25 16:52:15,245 INFO:WebSocket connection closed: Code=1000, Reason=None
2023-03-25 16:52:15,245 DEBUG:Lost connection. Reason: [Failure instance: Traceback (failure with no frames): <class 'twisted.internet.error.ConnectionDone'>: Connection was closed cleanly.
]
2023-03-25 16:52:15,245 INFO:Stopping factory <roslibpy.comm.comm_autobahn.AutobahnRosBridgeClientFactory object at 0x0000019A93787FD0>
2023-03-25 16:52:15,245 INFO:Stopping factory <roslibpy.comm.comm_autobahn.AutobahnRosBridgeClientFactory object at 0x0000019A93787FD0>
2023-03-25 16:52:15,245 INFO:Stopping factory <roslibpy.comm.comm_autobahn.AutobahnRosBridgeClientFactory object at 0x0000019A93787FD0>
2023-03-25 16:52:15,245 INFO:Stopping factory <roslibpy.comm.comm_autobahn.AutobahnRosBridgeClientFactory object at 0x0000019A93787FD0>
2023-03-25 16:52:15,245 INFO:Stopping factory <roslibpy.comm.comm_autobahn.AutobahnRosBridgeClientFactory object at 0x0000019A93787FD0>
2023-03-25 16:52:51,541 INFO:Starting factory <roslibpy.comm.comm_autobahn.AutobahnRosBridgeClientFactory object at 0x0000019A93787BB0>
2023-03-25 16:52:51,541 INFO:Starting factory <roslibpy.comm.comm_autobahn.AutobahnRosBridgeClientFactory object at 0x0000019A93787BB0>
2023-03-25 16:52:51,541 INFO:Starting factory <roslibpy.comm.comm_autobahn.AutobahnRosBridgeClientFactory object at 0x0000019A93787BB0>
2023-03-25 16:52:51,541 INFO:Starting factory <roslibpy.comm.comm_autobahn.AutobahnRosBridgeClientFactory object at 0x0000019A93787BB0>
2023-03-25 16:52:51,541 INFO:Starting factory <roslibpy.comm.comm_autobahn.AutobahnRosBridgeClientFactory object at 0x0000019A93787BB0>
2023-03-25 16:52:51,541 DEBUG:Started to connect...
2023-03-25 16:52:51,781 DEBUG:Server connected: tcp4:192.168.100.2:9091
2023-03-25 16:52:51,781 INFO:Connection to ROS ready.
2023-03-25 16:52:51,781 DEBUG:This is a debug message
2023-03-25 16:52:51,781 INFO:This is an info message
2023-03-25 16:52:51,781 WARNING:This is a warning message
2023-03-25 16:52:51,781 ERROR:This is an error message
2023-03-25 16:52:51,781 DEBUG:Sending ROS service request: b'{"op": "call_service", "id": "call_service:/qt_robot/behavior/talkText:1", "service": "/qt_robot/behavior/talkText", "args": {"message": "Frustrated"}}'
2023-03-25 16:52:53,750 INFO:WebSocket connection closed: Code=1000, Reason=None
2023-03-25 16:52:53,750 DEBUG:Lost connection. Reason: [Failure instance: Traceback (failure with no frames): <class 'twisted.internet.error.ConnectionDone'>: Connection was closed cleanly.
]
2023-03-25 16:52:53,750 INFO:Stopping factory <roslibpy.comm.comm_autobahn.AutobahnRosBridgeClientFactory object at 0x0000019A93787BB0>
2023-03-25 16:52:53,750 INFO:Stopping factory <roslibpy.comm.comm_autobahn.AutobahnRosBridgeClientFactory object at 0x0000019A93787BB0>
2023-03-25 16:52:53,750 INFO:Stopping factory <roslibpy.comm.comm_autobahn.AutobahnRosBridgeClientFactory object at 0x0000019A93787BB0>
2023-03-25 16:52:53,751 INFO:Stopping factory <roslibpy.comm.comm_autobahn.AutobahnRosBridgeClientFactory object at 0x0000019A93787BB0>
2023-03-25 16:52:53,751 INFO:Stopping factory <roslibpy.comm.comm_autobahn.AutobahnRosBridgeClientFactory object at 0x0000019A93787BB0>
2023-03-25 16:52:53,751 INFO:Stopping factory <roslibpy.comm.comm_autobahn.AutobahnRosBridgeClientFactory object at 0x0000019A93787BB0>
2023-03-25 16:52:53,751 INFO:Starting factory <roslibpy.comm.comm_autobahn.AutobahnRosBridgeClientFactory object at 0x0000019A937A6B80>
2023-03-25 16:52:53,751 INFO:Starting factory <roslibpy.comm.comm_autobahn.AutobahnRosBridgeClientFactory object at 0x0000019A937A6B80>
2023-03-25 16:52:53,752 INFO:Starting factory <roslibpy.comm.comm_autobahn.AutobahnRosBridgeClientFactory object at 0x0000019A937A6B80>
2023-03-25 16:52:53,752 INFO:Starting factory <roslibpy.comm.comm_autobahn.AutobahnRosBridgeClientFactory object at 0x0000019A937A6B80>
2023-03-25 16:52:53,752 INFO:Starting factory <roslibpy.comm.comm_autobahn.AutobahnRosBridgeClientFactory object at 0x0000019A937A6B80>
2023-03-25 16:52:53,752 INFO:Starting factory <roslibpy.comm.comm_autobahn.AutobahnRosBridgeClientFactory object at 0x0000019A937A6B80>
2023-03-25 16:52:53,752 DEBUG:Started to connect...
2023-03-25 16:52:54,273 DEBUG:Server connected: tcp4:192.168.100.2:9091
2023-03-25 16:52:54,273 INFO:Connection to ROS ready.
2023-03-25 16:52:54,273 DEBUG:Sending ROS service request: b'{"op": "call_service", "id": "call_service:/qt_robot/behavior/talkText:1", "service": "/qt_robot/behavior/talkText", "args": {"message": "I\'d like to visit london in fall for do sports and stay at a caravan"}}'
2023-03-25 16:52:59,668 INFO:WebSocket connection closed: Code=1000, Reason=None
2023-03-25 16:52:59,669 DEBUG:Lost connection. Reason: [Failure instance: Traceback (failure with no frames): <class 'twisted.internet.error.ConnectionDone'>: Connection was closed cleanly.
]
2023-03-25 16:52:59,669 INFO:Stopping factory <roslibpy.comm.comm_autobahn.AutobahnRosBridgeClientFactory object at 0x0000019A937A6B80>
2023-03-25 16:52:59,669 INFO:Stopping factory <roslibpy.comm.comm_autobahn.AutobahnRosBridgeClientFactory object at 0x0000019A937A6B80>
2023-03-25 16:52:59,669 INFO:Stopping factory <roslibpy.comm.comm_autobahn.AutobahnRosBridgeClientFactory object at 0x0000019A937A6B80>
2023-03-25 16:52:59,669 INFO:Stopping factory <roslibpy.comm.comm_autobahn.AutobahnRosBridgeClientFactory object at 0x0000019A937A6B80>
2023-03-25 16:52:59,669 INFO:Stopping factory <roslibpy.comm.comm_autobahn.AutobahnRosBridgeClientFactory object at 0x0000019A937A6B80>
2023-03-25 16:52:59,669 INFO:Stopping factory <roslibpy.comm.comm_autobahn.AutobahnRosBridgeClientFactory object at 0x0000019A937A6B80>
2023-03-25 16:52:59,669 INFO:Stopping factory <roslibpy.comm.comm_autobahn.AutobahnRosBridgeClientFactory object at 0x0000019A937A6B80>
2023-03-25 16:53:17,710 INFO:Starting factory <roslibpy.comm.comm_autobahn.AutobahnRosBridgeClientFactory object at 0x0000019A937A6FA0>
2023-03-25 16:53:17,710 INFO:Starting factory <roslibpy.comm.comm_autobahn.AutobahnRosBridgeClientFactory object at 0x0000019A937A6FA0>
2023-03-25 16:53:17,710 INFO:Starting factory <roslibpy.comm.comm_autobahn.AutobahnRosBridgeClientFactory object at 0x0000019A937A6FA0>
2023-03-25 16:53:17,710 INFO:Starting factory <roslibpy.comm.comm_autobahn.AutobahnRosBridgeClientFactory object at 0x0000019A937A6FA0>
2023-03-25 16:53:17,710 INFO:Starting factory <roslibpy.comm.comm_autobahn.AutobahnRosBridgeClientFactory object at 0x0000019A937A6FA0>
2023-03-25 16:53:17,710 INFO:Starting factory <roslibpy.comm.comm_autobahn.AutobahnRosBridgeClientFactory object at 0x0000019A937A6FA0>
2023-03-25 16:53:17,710 INFO:Starting factory <roslibpy.comm.comm_autobahn.AutobahnRosBridgeClientFactory object at 0x0000019A937A6FA0>
2023-03-25 16:53:17,710 DEBUG:Started to connect...
2023-03-25 16:53:17,801 DEBUG:Server connected: tcp4:192.168.100.2:9091
2023-03-25 16:53:17,801 INFO:Connection to ROS ready.
2023-03-25 16:53:17,802 DEBUG:Sending ROS service request: b'{"op": "call_service", "id": "call_service:/qt_robot/behavior/talkText:1", "service": "/qt_robot/behavior/talkText", "args": {"message": "We are finished then! Take care"}}'
2023-03-25 16:53:22,216 INFO:Starting factory <roslibpy.comm.comm_autobahn.AutobahnRosBridgeClientFactory object at 0x0000019A937A69D0>
2023-03-25 16:53:22,217 INFO:Starting factory <roslibpy.comm.comm_autobahn.AutobahnRosBridgeClientFactory object at 0x0000019A937A69D0>
2023-03-25 16:53:22,217 INFO:Starting factory <roslibpy.comm.comm_autobahn.AutobahnRosBridgeClientFactory object at 0x0000019A937A69D0>
2023-03-25 16:53:22,217 INFO:Starting factory <roslibpy.comm.comm_autobahn.AutobahnRosBridgeClientFactory object at 0x0000019A937A69D0>
2023-03-25 16:53:22,217 INFO:Starting factory <roslibpy.comm.comm_autobahn.AutobahnRosBridgeClientFactory object at 0x0000019A937A69D0>
2023-03-25 16:53:22,217 INFO:Starting factory <roslibpy.comm.comm_autobahn.AutobahnRosBridgeClientFactory object at 0x0000019A937A69D0>
2023-03-25 16:53:22,217 INFO:Starting factory <roslibpy.comm.comm_autobahn.AutobahnRosBridgeClientFactory object at 0x0000019A937A69D0>
2023-03-25 16:53:22,217 INFO:Starting factory <roslibpy.comm.comm_autobahn.AutobahnRosBridgeClientFactory object at 0x0000019A937A69D0>
2023-03-25 16:53:22,218 DEBUG:Started to connect...
2023-03-25 16:53:22,218 INFO:WebSocket connection closed: Code=1000, Reason=None
2023-03-25 16:53:22,218 DEBUG:Lost connection. Reason: [Failure instance: Traceback (failure with no frames): <class 'twisted.internet.error.ConnectionDone'>: Connection was closed cleanly.
]
2023-03-25 16:53:22,218 INFO:Stopping factory <roslibpy.comm.comm_autobahn.AutobahnRosBridgeClientFactory object at 0x0000019A937A6FA0>
2023-03-25 16:53:22,218 INFO:Stopping factory <roslibpy.comm.comm_autobahn.AutobahnRosBridgeClientFactory object at 0x0000019A937A6FA0>
2023-03-25 16:53:22,218 INFO:Stopping factory <roslibpy.comm.comm_autobahn.AutobahnRosBridgeClientFactory object at 0x0000019A937A6FA0>
2023-03-25 16:53:22,218 INFO:Stopping factory <roslibpy.comm.comm_autobahn.AutobahnRosBridgeClientFactory object at 0x0000019A937A6FA0>
2023-03-25 16:53:22,218 INFO:Stopping factory <roslibpy.comm.comm_autobahn.AutobahnRosBridgeClientFactory object at 0x0000019A937A6FA0>
2023-03-25 16:53:22,218 INFO:Stopping factory <roslibpy.comm.comm_autobahn.AutobahnRosBridgeClientFactory object at 0x0000019A937A6FA0>
2023-03-25 16:53:22,218 INFO:Stopping factory <roslibpy.comm.comm_autobahn.AutobahnRosBridgeClientFactory object at 0x0000019A937A6FA0>
2023-03-25 16:53:22,219 INFO:Stopping factory <roslibpy.comm.comm_autobahn.AutobahnRosBridgeClientFactory object at 0x0000019A937A6FA0>
2023-03-25 16:53:22,219 INFO:Stopping factory <roslibpy.comm.comm_autobahn.AutobahnRosBridgeClientFactory object at 0x0000019A937A6FA0>
2023-03-25 16:53:22,228 DEBUG:Server connected: tcp4:192.168.100.2:9091
2023-03-25 16:53:22,228 INFO:Connection to ROS ready.
2023-03-25 16:53:22,229 DEBUG:Sending ROS service request: b'{"op": "call_service", "id": "call_service:/qt_robot/behavior/talkText:1", "service": "/qt_robot/behavior/talkText", "args": {"message": "We are finished then! Take care"}}'
2023-03-25 16:53:26,711 INFO:WebSocket connection closed: Code=1000, Reason=None
2023-03-25 16:53:26,711 DEBUG:Lost connection. Reason: [Failure instance: Traceback (failure with no frames): <class 'twisted.internet.error.ConnectionDone'>: Connection was closed cleanly.
]
2023-03-25 16:53:26,711 INFO:Stopping factory <roslibpy.comm.comm_autobahn.AutobahnRosBridgeClientFactory object at 0x0000019A937A69D0>
2023-03-25 16:53:26,711 INFO:Stopping factory <roslibpy.comm.comm_autobahn.AutobahnRosBridgeClientFactory object at 0x0000019A937A69D0>
2023-03-25 16:53:26,711 INFO:Stopping factory <roslibpy.comm.comm_autobahn.AutobahnRosBridgeClientFactory object at 0x0000019A937A69D0>
2023-03-25 16:53:26,711 INFO:Stopping factory <roslibpy.comm.comm_autobahn.AutobahnRosBridgeClientFactory object at 0x0000019A937A69D0>
2023-03-25 16:53:26,711 INFO:Stopping factory <roslibpy.comm.comm_autobahn.AutobahnRosBridgeClientFactory object at 0x0000019A937A69D0>
2023-03-25 16:53:26,711 INFO:Stopping factory <roslibpy.comm.comm_autobahn.AutobahnRosBridgeClientFactory object at 0x0000019A937A69D0>
2023-03-25 16:53:26,711 INFO:Stopping factory <roslibpy.comm.comm_autobahn.AutobahnRosBridgeClientFactory object at 0x0000019A937A69D0>
2023-03-25 16:53:26,712 INFO:Stopping factory <roslibpy.comm.comm_autobahn.AutobahnRosBridgeClientFactory object at 0x0000019A937A69D0>
2023-03-25 16:53:26,712 INFO:Stopping factory <roslibpy.comm.comm_autobahn.AutobahnRosBridgeClientFactory object at 0x0000019A937A69D0>
